<?xml version="1.0" encoding="UTF-8"?>
<!-- Generated by org.testng.reporters.JUnitReportReporter -->
<testsuite hostname="Admin" failures="0" tests="1" name="Testcases.TC_006_BookStore" time="5.019" errors="0" timestamp="2025-01-08T18:17:03 IST" skipped="0">
  <testcase classname="Testcases.TC_006_BookStore" name="BookStore" time="5.019"/>
  <system-out/>
</testsuite> <!-- Testcases.TC_006_BookStore -->
