<?xml version="1.0" encoding="UTF-8"?>
<!-- Generated by org.testng.reporters.JUnitReportReporter -->
<testsuite hostname="Admin" failures="0" tests="1" name="Testcases.TC_002_Forms" time="13.721" errors="0" timestamp="2025-01-08T18:17:03 IST" skipped="0">
  <testcase classname="Testcases.TC_002_Forms" name="Forms" time="13.721"/>
  <system-out/>
</testsuite> <!-- Testcases.TC_002_Forms -->
