<?xml version="1.0" encoding="UTF-8"?>
<!-- Generated by org.testng.reporters.JUnitReportReporter -->
<testsuite hostname="Admin" failures="0" tests="1" name="Testcases.TC_001_Elements" time="38.676" errors="0" timestamp="2025-01-20T10:09:20 IST" skipped="0">
  <testcase classname="Testcases.TC_001_Elements" name="Elements" time="38.676"/>
  <system-out/>
</testsuite> <!-- Testcases.TC_001_Elements -->
