<?xml version="1.0" encoding="UTF-8"?>
<!-- Generated by org.testng.reporters.JUnitReportReporter -->
<testsuite hostname="Admin" failures="0" tests="1" name="Testcases.TC_001_Elements" time="33.554" errors="0" timestamp="2025-01-08T18:17:03 IST" skipped="0">
  <testcase classname="Testcases.TC_001_Elements" name="Elements" time="33.554"/>
  <system-out/>
</testsuite> <!-- Testcases.TC_001_Elements -->
